# JRE version: OpenJDK Runtime Environment (21.0.4) (build 21.0.4+-12508038-b607.1)
# Java VM: OpenJDK 64-Bit Server VM (21.0.4+-12508038-b607.1, mixed mode, tiered, compressed oops, compressed class ptrs, g1 gc, windows-amd64)
GC Precious Log:
 CardTable entry size: 512
 Card Set container configuration: InlinePtr #cards 5 size 8 Array Of Cards #cards 12 size 40 Howl #buckets 4 coarsen threshold 1843 Howl Bitmap #cards 512 size 80 coarsen threshold 460 Card regions per heap region 1 cards per card region 2048
 CPUs: 16 total, 16 available
 Memory: 7421M
 Large Page Support: Disabled
 NUMA Support: Disabled
 Compressed Oops: Enabled (32-bit)
 Heap Region Size: 1M
 Heap Min Capacity: 8M
 Heap Initial Capacity: 116M
 Heap Max Capacity: 2G
 Pre-touch: Disabled
 Parallel Workers: 13
 Concurrent Workers: 3
 Concurrent Refinement Workers: 13
 Periodic GC: Disabled
Heap:
 garbage-first heap   total 124928K, used 107817K [0x0000000080000000, 0x0000000100000000)
  region size 1024K, 40 young (40960K), 5 survivors (5120K)
 Metaspace       used 85325K, committed 87232K, reserved 1179648K
  class space    used 11469K, committed 12416K, reserved 1048576K
GC Heap History (20 events):
Event: 4.806 GC heap before
{Heap before GC invocations=12 (full 0):
 garbage-first heap   total 96256K, used 66737K [0x0000000080000000, 0x0000000100000000)
  region size 1024K, 36 young (36864K), 5 survivors (5120K)
 Metaspace       used 59116K, committed 60608K, reserved 1114112K
  class space    used 7970K, committed 8704K, reserved 1048576K
}
Event: 4.810 GC heap after
{Heap after GC invocations=13 (full 0):
 garbage-first heap   total 96256K, used 37984K [0x0000000080000000, 0x0000000100000000)
  region size 1024K, 5 young (5120K), 5 survivors (5120K)
 Metaspace       used 59116K, committed 60608K, reserved 1114112K
  class space    used 7970K, committed 8704K, reserved 1048576K
}
Event: 5.430 GC heap before
{Heap before GC invocations=14 (full 0):
 garbage-first heap   total 96256K, used 84064K [0x0000000080000000, 0x0000000100000000)
  region size 1024K, 50 young (51200K), 5 survivors (5120K)
 Metaspace       used 65082K, committed 66752K, reserved 1114112K
  class space    used 8922K, committed 9792K, reserved 1048576K
}
Event: 5.435 GC heap after
{Heap after GC invocations=15 (full 0):
 garbage-first heap   total 115712K, used 41337K [0x0000000080000000, 0x0000000100000000)
  region size 1024K, 5 young (5120K), 5 survivors (5120K)
 Metaspace       used 65082K, committed 66752K, reserved 1114112K
  class space    used 8922K, committed 9792K, reserved 1048576K
}
Event: 5.892 GC heap before
{Heap before GC invocations=15 (full 0):
 garbage-first heap   total 115712K, used 100729K [0x0000000080000000, 0x0000000100000000)
  region size 1024K, 64 young (65536K), 5 survivors (5120K)
 Metaspace       used 66712K, committed 68480K, reserved 1114112K
  class space    used 9057K, committed 9920K, reserved 1048576K
}
Event: 5.899 GC heap after
{Heap after GC invocations=16 (full 0):
 garbage-first heap   total 115712K, used 45360K [0x0000000080000000, 0x0000000100000000)
  region size 1024K, 8 young (8192K), 8 survivors (8192K)
 Metaspace       used 66712K, committed 68480K, reserved 1114112K
  class space    used 9057K, committed 9920K, reserved 1048576K
}
Event: 5.998 GC heap before
{Heap before GC invocations=16 (full 0):
 garbage-first heap   total 115712K, used 98608K [0x0000000080000000, 0x0000000100000000)
  region size 1024K, 61 young (62464K), 8 survivors (8192K)
 Metaspace       used 66899K, committed 68608K, reserved 1114112K
  class space    used 9057K, committed 9920K, reserved 1048576K
}
Event: 6.002 GC heap after
{Heap after GC invocations=17 (full 0):
 garbage-first heap   total 115712K, used 47186K [0x0000000080000000, 0x0000000100000000)
  region size 1024K, 4 young (4096K), 4 survivors (4096K)
 Metaspace       used 66899K, committed 68608K, reserved 1114112K
  class space    used 9057K, committed 9920K, reserved 1048576K
}
Event: 6.135 GC heap before
{Heap before GC invocations=17 (full 0):
 garbage-first heap   total 115712K, used 87122K [0x0000000080000000, 0x0000000100000000)
  region size 1024K, 45 young (46080K), 4 survivors (4096K)
 Metaspace       used 67164K, committed 68928K, reserved 1114112K
  class space    used 9094K, committed 9984K, reserved 1048576K
}
Event: 6.138 GC heap after
{Heap after GC invocations=18 (full 0):
 garbage-first heap   total 115712K, used 48473K [0x0000000080000000, 0x0000000100000000)
  region size 1024K, 5 young (5120K), 5 survivors (5120K)
 Metaspace       used 67164K, committed 68928K, reserved 1114112K
  class space    used 9094K, committed 9984K, reserved 1048576K
}
Event: 6.853 GC heap before
{Heap before GC invocations=19 (full 0):
 garbage-first heap   total 115712K, used 108889K [0x0000000080000000, 0x0000000100000000)
  region size 1024K, 58 young (59392K), 5 survivors (5120K)
 Metaspace       used 71129K, committed 72832K, reserved 1114112K
  class space    used 9615K, committed 10496K, reserved 1048576K
}
Event: 6.858 GC heap after
{Heap after GC invocations=20 (full 0):
 garbage-first heap   total 121856K, used 61017K [0x0000000080000000, 0x0000000100000000)
  region size 1024K, 8 young (8192K), 8 survivors (8192K)
 Metaspace       used 71129K, committed 72832K, reserved 1114112K
  class space    used 9615K, committed 10496K, reserved 1048576K
}
Event: 7.365 GC heap before
{Heap before GC invocations=20 (full 0):
 garbage-first heap   total 121856K, used 106073K [0x0000000080000000, 0x0000000100000000)
  region size 1024K, 52 young (53248K), 8 survivors (8192K)
 Metaspace       used 76010K, committed 77888K, reserved 1179648K
  class space    used 10266K, committed 11200K, reserved 1048576K
}
Event: 7.369 GC heap after
{Heap after GC invocations=21 (full 0):
 garbage-first heap   total 121856K, used 62203K [0x0000000080000000, 0x0000000100000000)
  region size 1024K, 2 young (2048K), 2 survivors (2048K)
 Metaspace       used 76010K, committed 77888K, reserved 1179648K
  class space    used 10266K, committed 11200K, reserved 1048576K
}
Event: 7.484 GC heap before
{Heap before GC invocations=21 (full 0):
 garbage-first heap   total 121856K, used 68347K [0x0000000080000000, 0x0000000100000000)
  region size 1024K, 9 young (9216K), 2 survivors (2048K)
 Metaspace       used 77431K, committed 79232K, reserved 1179648K
  class space    used 10421K, committed 11328K, reserved 1048576K
}
Event: 7.486 GC heap after
{Heap after GC invocations=22 (full 0):
 garbage-first heap   total 121856K, used 63480K [0x0000000080000000, 0x0000000100000000)
  region size 1024K, 3 young (3072K), 3 survivors (3072K)
 Metaspace       used 77431K, committed 79232K, reserved 1179648K
  class space    used 10421K, committed 11328K, reserved 1048576K
}
Event: 7.865 GC heap before
{Heap before GC invocations=23 (full 0):
 garbage-first heap   total 121856K, used 115704K [0x0000000080000000, 0x0000000100000000)
  region size 1024K, 50 young (51200K), 3 survivors (3072K)
 Metaspace       used 80266K, committed 82112K, reserved 1179648K
  class space    used 10796K, committed 11712K, reserved 1048576K
}
Event: 7.868 GC heap after
{Heap after GC invocations=24 (full 0):
 garbage-first heap   total 124928K, used 68657K [0x0000000080000000, 0x0000000100000000)
  region size 1024K, 7 young (7168K), 7 survivors (7168K)
 Metaspace       used 80266K, committed 82112K, reserved 1179648K
  class space    used 10796K, committed 11712K, reserved 1048576K
}
Event: 8.237 GC heap before
{Heap before GC invocations=24 (full 0):
 garbage-first heap   total 124928K, used 109617K [0x0000000080000000, 0x0000000100000000)
  region size 1024K, 47 young (48128K), 7 survivors (7168K)
 Metaspace       used 82503K, committed 84416K, reserved 1179648K
  class space    used 11082K, committed 12032K, reserved 1048576K
}
Event: 8.242 GC heap after
{Heap after GC invocations=25 (full 0):
 garbage-first heap   total 124928K, used 73001K [0x0000000080000000, 0x0000000100000000)
  region size 1024K, 5 young (5120K), 5 survivors (5120K)
 Metaspace       used 82503K, committed 84416K, reserved 1179648K
  class space    used 11082K, committed 12032K, reserved 1048576K
}

