# JRE version: OpenJDK Runtime Environment (21.0.4) (build 21.0.4+-12508038-b607.1)
# Java VM: OpenJDK 64-Bit Server VM (21.0.4+-12508038-b607.1, mixed mode, tiered, compressed oops, compressed class ptrs, g1 gc, windows-amd64)
GC Precious Log:
 CardTable entry size: 512
 Card Set container configuration: InlinePtr #cards 5 size 8 Array Of Cards #cards 12 size 40 Howl #buckets 4 coarsen threshold 1843 Howl Bitmap #cards 512 size 80 coarsen threshold 460 Card regions per heap region 1 cards per card region 2048
 CPUs: 16 total, 16 available
 Memory: 7421M
 Large Page Support: Disabled
 NUMA Support: Disabled
 Compressed Oops: Enabled (32-bit)
 Heap Region Size: 1M
 Heap Min Capacity: 8M
 Heap Initial Capacity: 116M
 Heap Max Capacity: 2G
 Pre-touch: Disabled
 Parallel Workers: 13
 Concurrent Workers: 3
 Concurrent Refinement Workers: 13
 Periodic GC: Disabled
Heap:
 garbage-first heap   total 155648K, used 95866K [0x0000000080000000, 0x0000000100000000)
  region size 1024K, 7 young (7168K), 7 survivors (7168K)
 Metaspace       used 104523K, committed 106688K, reserved 1179648K
  class space    used 14233K, committed 15296K, reserved 1048576K
GC Heap History (20 events):
Event: 10.114 GC heap after
{Heap after GC invocations=25 (full 0):
 garbage-first heap   total 128000K, used 67613K [0x0000000080000000, 0x0000000100000000)
  region size 1024K, 7 young (7168K), 7 survivors (7168K)
 Metaspace       used 78277K, committed 80064K, reserved 1179648K
  class space    used 10548K, committed 11392K, reserved 1048576K
}
Event: 10.550 GC heap before
{Heap before GC invocations=25 (full 0):
 garbage-first heap   total 128000K, used 112669K [0x0000000080000000, 0x0000000100000000)
  region size 1024K, 51 young (52224K), 7 survivors (7168K)
 Metaspace       used 81739K, committed 83584K, reserved 1179648K
  class space    used 10995K, committed 11904K, reserved 1048576K
}
Event: 10.554 GC heap after
{Heap after GC invocations=26 (full 0):
 garbage-first heap   total 128000K, used 69725K [0x0000000080000000, 0x0000000100000000)
  region size 1024K, 3 young (3072K), 3 survivors (3072K)
 Metaspace       used 81739K, committed 83584K, reserved 1179648K
  class space    used 10995K, committed 11904K, reserved 1048576K
}
Event: 11.033 GC heap before
{Heap before GC invocations=26 (full 0):
 garbage-first heap   total 128000K, used 115805K [0x0000000080000000, 0x0000000100000000)
  region size 1024K, 48 young (49152K), 3 survivors (3072K)
 Metaspace       used 84489K, committed 86400K, reserved 1179648K
  class space    used 11349K, committed 12288K, reserved 1048576K
}
Event: 11.036 GC heap after
{Heap after GC invocations=27 (full 0):
 garbage-first heap   total 128000K, used 73623K [0x0000000080000000, 0x0000000100000000)
  region size 1024K, 6 young (6144K), 6 survivors (6144K)
 Metaspace       used 84489K, committed 86400K, reserved 1179648K
  class space    used 11349K, committed 12288K, reserved 1048576K
}
Event: 11.444 GC heap before
{Heap before GC invocations=28 (full 0):
 garbage-first heap   total 128000K, used 114583K [0x0000000080000000, 0x0000000100000000)
  region size 1024K, 46 young (47104K), 6 survivors (6144K)
 Metaspace       used 87664K, committed 89536K, reserved 1179648K
  class space    used 11867K, committed 12800K, reserved 1048576K
}
Event: 11.447 GC heap after
{Heap after GC invocations=29 (full 0):
 garbage-first heap   total 128000K, used 75140K [0x0000000080000000, 0x0000000100000000)
  region size 1024K, 2 young (2048K), 2 survivors (2048K)
 Metaspace       used 87664K, committed 89536K, reserved 1179648K
  class space    used 11867K, committed 12800K, reserved 1048576K
}
Event: 11.849 GC heap before
{Heap before GC invocations=29 (full 0):
 garbage-first heap   total 128000K, used 117124K [0x0000000080000000, 0x0000000100000000)
  region size 1024K, 43 young (44032K), 2 survivors (2048K)
 Metaspace       used 91100K, committed 93120K, reserved 1179648K
  class space    used 12422K, committed 13440K, reserved 1048576K
}
Event: 11.853 GC heap after
{Heap after GC invocations=30 (full 0):
 garbage-first heap   total 128000K, used 76242K [0x0000000080000000, 0x0000000100000000)
  region size 1024K, 4 young (4096K), 4 survivors (4096K)
 Metaspace       used 91100K, committed 93120K, reserved 1179648K
  class space    used 12422K, committed 13440K, reserved 1048576K
}
Event: 12.307 GC heap before
{Heap before GC invocations=30 (full 0):
 garbage-first heap   total 128000K, used 116178K [0x0000000080000000, 0x0000000100000000)
  region size 1024K, 43 young (44032K), 4 survivors (4096K)
 Metaspace       used 94306K, committed 96320K, reserved 1179648K
  class space    used 12870K, committed 13888K, reserved 1048576K
}
Event: 12.310 GC heap after
{Heap after GC invocations=31 (full 0):
 garbage-first heap   total 128000K, used 78897K [0x0000000080000000, 0x0000000100000000)
  region size 1024K, 5 young (5120K), 5 survivors (5120K)
 Metaspace       used 94306K, committed 96320K, reserved 1179648K
  class space    used 12870K, committed 13888K, reserved 1048576K
}
Event: 12.649 GC heap before
{Heap before GC invocations=32 (full 0):
 garbage-first heap   total 133120K, used 114737K [0x0000000080000000, 0x0000000100000000)
  region size 1024K, 40 young (40960K), 5 survivors (5120K)
 Metaspace       used 97064K, committed 99072K, reserved 1179648K
  class space    used 13330K, committed 14336K, reserved 1048576K
}
Event: 12.652 GC heap after
{Heap after GC invocations=33 (full 0):
 garbage-first heap   total 133120K, used 80286K [0x0000000080000000, 0x0000000100000000)
  region size 1024K, 4 young (4096K), 4 survivors (4096K)
 Metaspace       used 97064K, committed 99072K, reserved 1179648K
  class space    used 13330K, committed 14336K, reserved 1048576K
}
Event: 13.051 GC heap before
{Heap before GC invocations=33 (full 0):
 garbage-first heap   total 133120K, used 121246K [0x0000000080000000, 0x0000000100000000)
  region size 1024K, 44 young (45056K), 4 survivors (4096K)
 Metaspace       used 100612K, committed 102720K, reserved 1179648K
  class space    used 13798K, committed 14848K, reserved 1048576K
}
Event: 13.056 GC heap after
{Heap after GC invocations=34 (full 0):
 garbage-first heap   total 133120K, used 83121K [0x0000000080000000, 0x0000000100000000)
  region size 1024K, 5 young (5120K), 5 survivors (5120K)
 Metaspace       used 100612K, committed 102720K, reserved 1179648K
  class space    used 13798K, committed 14848K, reserved 1048576K
}
Event: 13.552 GC heap before
{Heap before GC invocations=34 (full 0):
 garbage-first heap   total 133120K, used 118961K [0x0000000080000000, 0x0000000100000000)
  region size 1024K, 41 young (41984K), 5 survivors (5120K)
 Metaspace       used 102136K, committed 104256K, reserved 1179648K
  class space    used 13998K, committed 15040K, reserved 1048576K
}
Event: 13.557 GC heap after
{Heap after GC invocations=35 (full 0):
 garbage-first heap   total 133120K, used 88530K [0x0000000080000000, 0x0000000100000000)
  region size 1024K, 6 young (6144K), 6 survivors (6144K)
 Metaspace       used 102136K, committed 104256K, reserved 1179648K
  class space    used 13998K, committed 15040K, reserved 1048576K
}
Event: 13.636 GC heap before
{Heap before GC invocations=36 (full 0):
 garbage-first heap   total 150528K, used 116178K [0x0000000080000000, 0x0000000100000000)
  region size 1024K, 34 young (34816K), 6 survivors (6144K)
 Metaspace       used 102142K, committed 104256K, reserved 1179648K
  class space    used 13998K, committed 15040K, reserved 1048576K
}
Event: 13.639 GC heap after
{Heap after GC invocations=37 (full 0):
 garbage-first heap   total 150528K, used 89596K [0x0000000080000000, 0x0000000100000000)
  region size 1024K, 4 young (4096K), 4 survivors (4096K)
 Metaspace       used 102142K, committed 104256K, reserved 1179648K
  class space    used 13998K, committed 15040K, reserved 1048576K
}
Event: 14.005 GC heap before
{Heap before GC invocations=37 (full 0):
 garbage-first heap   total 150528K, used 143868K [0x0000000080000000, 0x0000000100000000)
  region size 1024K, 50 young (51200K), 4 survivors (4096K)
 Metaspace       used 104523K, committed 106688K, reserved 1179648K
  class space    used 14233K, committed 15296K, reserved 1048576K
}

